{
  "/home/reza/MERN_STACK/FRONT_END/myresume/server/client/src/index.jsx": {
    "path": "/home/reza/MERN_STACK/FRONT_END/myresume/server/client/src/index.jsx",
    "statementMap": {
      "0": {
        "start": { "line": 10, "column": 0 },
        "end": { "line": 10, "column": 49 }
      }
    },
    "fnMap": {},
    "branchMap": {},
    "s": { "0": 0 },
    "f": {},
    "b": {},
    "hash": "b0615d98988b45aa664e5fa3624ccfcb55f06d6d"
  },
  "/home/reza/MERN_STACK/FRONT_END/myresume/server/client/src/components/App/App.jsx": {
    "path": "/home/reza/MERN_STACK/FRONT_END/myresume/server/client/src/components/App/App.jsx",
    "statementMap": {
      "0": {
        "start": { "line": 12, "column": 4 },
        "end": { "line": 12, "column": 12 }
      },
      "1": {
        "start": { "line": 14, "column": 4 },
        "end": { "line": 16, "column": 6 }
      },
      "2": {
        "start": { "line": 20, "column": 4 },
        "end": { "line": 26, "column": 6 }
      }
    },
    "fnMap": {
      "0": {
        "name": "(anonymous_0)",
        "decl": {
          "start": { "line": 11, "column": 2 },
          "end": { "line": 11, "column": 3 }
        },
        "loc": {
          "start": { "line": 11, "column": 16 },
          "end": { "line": 17, "column": 3 }
        },
        "line": 11
      },
      "1": {
        "name": "(anonymous_1)",
        "decl": {
          "start": { "line": 19, "column": 2 },
          "end": { "line": 19, "column": 3 }
        },
        "loc": {
          "start": { "line": 19, "column": 11 },
          "end": { "line": 27, "column": 3 }
        },
        "line": 19
      }
    },
    "branchMap": {},
    "s": { "0": 1, "1": 1, "2": 1 },
    "f": { "0": 1, "1": 1 },
    "b": {},
    "_coverageSchema": "43e27e138ebf9cfc5966b082cf9a028302ed4184",
    "hash": "ac328e803a5e659a106f537be57b5c7d4165632f"
  },
  "/home/reza/MERN_STACK/FRONT_END/myresume/server/client/src/components/App/appContainer.jsx": {
    "path": "/home/reza/MERN_STACK/FRONT_END/myresume/server/client/src/components/App/appContainer.jsx",
    "statementMap": {},
    "fnMap": {},
    "branchMap": {},
    "s": {},
    "f": {},
    "b": {},
    "hash": "cde9503d4012df2bebedb3dac28850b83fdf0dec"
  },
  "/home/reza/MERN_STACK/FRONT_END/myresume/server/client/src/components/Contact/contact.jsx": {
    "path": "/home/reza/MERN_STACK/FRONT_END/myresume/server/client/src/components/Contact/contact.jsx",
    "statementMap": {
      "0": {
        "start": { "line": 3, "column": 16 },
        "end": { "line": 3, "column": 45 }
      },
      "1": {
        "start": { "line": 3, "column": 22 },
        "end": { "line": 3, "column": 45 }
      }
    },
    "fnMap": {
      "0": {
        "name": "(anonymous_0)",
        "decl": {
          "start": { "line": 3, "column": 16 },
          "end": { "line": 3, "column": 17 }
        },
        "loc": {
          "start": { "line": 3, "column": 22 },
          "end": { "line": 3, "column": 45 }
        },
        "line": 3
      }
    },
    "branchMap": {},
    "s": { "0": 1, "1": 0 },
    "f": { "0": 0 },
    "b": {},
    "_coverageSchema": "43e27e138ebf9cfc5966b082cf9a028302ed4184",
    "hash": "0d069d9b98e02388671d2daafad9fb7187783d28"
  },
  "/home/reza/MERN_STACK/FRONT_END/myresume/server/client/src/components/My-Resume/my_Resume.jsx": {
    "path": "/home/reza/MERN_STACK/FRONT_END/myresume/server/client/src/components/My-Resume/my_Resume.jsx",
    "statementMap": {
      "0": {
        "start": { "line": 3, "column": 17 },
        "end": { "line": 3, "column": 47 }
      },
      "1": {
        "start": { "line": 3, "column": 23 },
        "end": { "line": 3, "column": 47 }
      }
    },
    "fnMap": {
      "0": {
        "name": "(anonymous_0)",
        "decl": {
          "start": { "line": 3, "column": 17 },
          "end": { "line": 3, "column": 18 }
        },
        "loc": {
          "start": { "line": 3, "column": 23 },
          "end": { "line": 3, "column": 47 }
        },
        "line": 3
      }
    },
    "branchMap": {},
    "s": { "0": 1, "1": 0 },
    "f": { "0": 0 },
    "b": {},
    "_coverageSchema": "43e27e138ebf9cfc5966b082cf9a028302ed4184",
    "hash": "cb37e717f912cebe8ae5160e63f010f17cb9fd2e"
  },
  "/home/reza/MERN_STACK/FRONT_END/myresume/server/client/src/components/Not-Found/not_Found.jsx": {
    "path": "/home/reza/MERN_STACK/FRONT_END/myresume/server/client/src/components/Not-Found/not_Found.jsx",
    "statementMap": {
      "0": {
        "start": { "line": 3, "column": 17 },
        "end": { "line": 3, "column": 43 }
      },
      "1": {
        "start": { "line": 3, "column": 23 },
        "end": { "line": 3, "column": 43 }
      }
    },
    "fnMap": {
      "0": {
        "name": "(anonymous_0)",
        "decl": {
          "start": { "line": 3, "column": 17 },
          "end": { "line": 3, "column": 18 }
        },
        "loc": {
          "start": { "line": 3, "column": 23 },
          "end": { "line": 3, "column": 43 }
        },
        "line": 3
      }
    },
    "branchMap": {},
    "s": { "0": 1, "1": 0 },
    "f": { "0": 0 },
    "b": {},
    "_coverageSchema": "43e27e138ebf9cfc5966b082cf9a028302ed4184",
    "hash": "98834dbb368ceac4450b1854ce06cf9d5e814c1a"
  },
  "/home/reza/MERN_STACK/FRONT_END/myresume/server/client/src/components/Profile/profile.jsx": {
    "path": "/home/reza/MERN_STACK/FRONT_END/myresume/server/client/src/components/Profile/profile.jsx",
    "statementMap": {
      "0": {
        "start": { "line": 4, "column": 16 },
        "end": { "line": 38, "column": 1 }
      },
      "1": {
        "start": { "line": 5, "column": 2 },
        "end": { "line": 37, "column": 8 }
      }
    },
    "fnMap": {
      "0": {
        "name": "(anonymous_0)",
        "decl": {
          "start": { "line": 4, "column": 16 },
          "end": { "line": 4, "column": 17 }
        },
        "loc": {
          "start": { "line": 5, "column": 2 },
          "end": { "line": 37, "column": 8 }
        },
        "line": 5
      }
    },
    "branchMap": {},
    "s": { "0": 1, "1": 1 },
    "f": { "0": 1 },
    "b": {},
    "_coverageSchema": "43e27e138ebf9cfc5966b082cf9a028302ed4184",
    "hash": "073baed7634489c2ea062eea43f9c6854e45810f"
  },
  "/home/reza/MERN_STACK/FRONT_END/myresume/server/client/src/components/Resume-Maker/Resume_Maker.jsx": {
    "path": "/home/reza/MERN_STACK/FRONT_END/myresume/server/client/src/components/Resume-Maker/Resume_Maker.jsx",
    "statementMap": {
      "0": {
        "start": { "line": 5, "column": 4 },
        "end": { "line": 5, "column": 12 }
      },
      "1": {
        "start": { "line": 6, "column": 4 },
        "end": { "line": 8, "column": 6 }
      },
      "2": {
        "start": { "line": 11, "column": 4 },
        "end": { "line": 15, "column": 6 }
      }
    },
    "fnMap": {
      "0": {
        "name": "(anonymous_0)",
        "decl": {
          "start": { "line": 4, "column": 2 },
          "end": { "line": 4, "column": 3 }
        },
        "loc": {
          "start": { "line": 4, "column": 16 },
          "end": { "line": 9, "column": 3 }
        },
        "line": 4
      },
      "1": {
        "name": "(anonymous_1)",
        "decl": {
          "start": { "line": 10, "column": 2 },
          "end": { "line": 10, "column": 3 }
        },
        "loc": {
          "start": { "line": 10, "column": 11 },
          "end": { "line": 16, "column": 3 }
        },
        "line": 10
      }
    },
    "branchMap": {},
    "s": { "0": 1, "1": 1, "2": 1 },
    "f": { "0": 1, "1": 1 },
    "b": {},
    "_coverageSchema": "43e27e138ebf9cfc5966b082cf9a028302ed4184",
    "hash": "fb9e088045a0c94c0ff23c52c8d8b63f60b7b981"
  },
  "/home/reza/MERN_STACK/FRONT_END/myresume/server/client/src/components/Sidebar/sidebar.jsx": {
    "path": "/home/reza/MERN_STACK/FRONT_END/myresume/server/client/src/components/Sidebar/sidebar.jsx",
    "statementMap": {
      "0": {
        "start": { "line": 8, "column": 16 },
        "end": { "line": 14, "column": 1 }
      },
      "1": {
        "start": { "line": 9, "column": 2 },
        "end": { "line": 13, "column": 8 }
      }
    },
    "fnMap": {
      "0": {
        "name": "(anonymous_0)",
        "decl": {
          "start": { "line": 8, "column": 16 },
          "end": { "line": 8, "column": 17 }
        },
        "loc": {
          "start": { "line": 9, "column": 2 },
          "end": { "line": 13, "column": 8 }
        },
        "line": 9
      }
    },
    "branchMap": {},
    "s": { "0": 1, "1": 1 },
    "f": { "0": 1 },
    "b": {},
    "_coverageSchema": "43e27e138ebf9cfc5966b082cf9a028302ed4184",
    "hash": "a6a56046ff0ef97e35abcc3c2e717ee900620b31"
  },
  "/home/reza/MERN_STACK/FRONT_END/myresume/server/client/src/components/Sidebar/Links/links.jsx": {
    "path": "/home/reza/MERN_STACK/FRONT_END/myresume/server/client/src/components/Sidebar/Links/links.jsx",
    "statementMap": {
      "0": {
        "start": { "line": 7, "column": 14 },
        "end": { "line": 29, "column": 1 }
      },
      "1": {
        "start": { "line": 8, "column": 2 },
        "end": { "line": 28, "column": 8 }
      }
    },
    "fnMap": {
      "0": {
        "name": "(anonymous_0)",
        "decl": {
          "start": { "line": 7, "column": 14 },
          "end": { "line": 7, "column": 15 }
        },
        "loc": {
          "start": { "line": 8, "column": 2 },
          "end": { "line": 28, "column": 8 }
        },
        "line": 8
      }
    },
    "branchMap": {},
    "s": { "0": 1, "1": 1 },
    "f": { "0": 1 },
    "b": {},
    "_coverageSchema": "43e27e138ebf9cfc5966b082cf9a028302ed4184",
    "hash": "a103387a74277ea02ddf21e0e3a69d30735d48e4"
  },
  "/home/reza/MERN_STACK/FRONT_END/myresume/server/client/src/components/Sidebar/MyImage/myimage.jsx": {
    "path": "/home/reza/MERN_STACK/FRONT_END/myresume/server/client/src/components/Sidebar/MyImage/myimage.jsx",
    "statementMap": {
      "0": {
        "start": { "line": 9, "column": 16 },
        "end": { "line": 16, "column": 1 }
      },
      "1": {
        "start": { "line": 10, "column": 2 },
        "end": { "line": 15, "column": 8 }
      }
    },
    "fnMap": {
      "0": {
        "name": "(anonymous_0)",
        "decl": {
          "start": { "line": 9, "column": 16 },
          "end": { "line": 9, "column": 17 }
        },
        "loc": {
          "start": { "line": 10, "column": 2 },
          "end": { "line": 15, "column": 8 }
        },
        "line": 10
      }
    },
    "branchMap": {},
    "s": { "0": 1, "1": 1 },
    "f": { "0": 1 },
    "b": {},
    "_coverageSchema": "43e27e138ebf9cfc5966b082cf9a028302ed4184",
    "hash": "5632c3dd0651cd96171e889521ae4a4d35661971"
  },
  "/home/reza/MERN_STACK/FRONT_END/myresume/server/client/src/components/Sidebar/Skills/skills.jsx": {
    "path": "/home/reza/MERN_STACK/FRONT_END/myresume/server/client/src/components/Sidebar/Skills/skills.jsx",
    "statementMap": {
      "0": {
        "start": { "line": 6, "column": 15 },
        "end": { "line": 63, "column": 1 }
      },
      "1": {
        "start": { "line": 7, "column": 2 },
        "end": { "line": 62, "column": 8 }
      }
    },
    "fnMap": {
      "0": {
        "name": "(anonymous_0)",
        "decl": {
          "start": { "line": 6, "column": 15 },
          "end": { "line": 6, "column": 16 }
        },
        "loc": {
          "start": { "line": 7, "column": 2 },
          "end": { "line": 62, "column": 8 }
        },
        "line": 7
      }
    },
    "branchMap": {},
    "s": { "0": 1, "1": 1 },
    "f": { "0": 1 },
    "b": {},
    "_coverageSchema": "43e27e138ebf9cfc5966b082cf9a028302ed4184",
    "hash": "df2d700480f78ecee093dbec42bd746118646215"
  },
  "/home/reza/MERN_STACK/FRONT_END/myresume/server/client/src/layout/layout.jsx": {
    "path": "/home/reza/MERN_STACK/FRONT_END/myresume/server/client/src/layout/layout.jsx",
    "statementMap": {
      "0": {
        "start": { "line": 9, "column": 4 },
        "end": { "line": 9, "column": 17 }
      },
      "1": {
        "start": { "line": 10, "column": 4 },
        "end": { "line": 12, "column": 6 }
      },
      "2": {
        "start": { "line": 16, "column": 25 },
        "end": { "line": 16, "column": 35 }
      },
      "3": {
        "start": { "line": 17, "column": 21 },
        "end": { "line": 17, "column": 31 }
      },
      "4": {
        "start": { "line": 18, "column": 4 },
        "end": { "line": 55, "column": 6 }
      },
      "5": {
        "start": { "line": 59, "column": 0 },
        "end": { "line": 61, "column": 2 }
      }
    },
    "fnMap": {
      "0": {
        "name": "(anonymous_0)",
        "decl": {
          "start": { "line": 8, "column": 2 },
          "end": { "line": 8, "column": 3 }
        },
        "loc": {
          "start": { "line": 8, "column": 21 },
          "end": { "line": 13, "column": 3 }
        },
        "line": 8
      },
      "1": {
        "name": "(anonymous_1)",
        "decl": {
          "start": { "line": 15, "column": 2 },
          "end": { "line": 15, "column": 3 }
        },
        "loc": {
          "start": { "line": 15, "column": 11 },
          "end": { "line": 56, "column": 3 }
        },
        "line": 15
      }
    },
    "branchMap": {
      "0": {
        "loc": {
          "start": { "line": 21, "column": 9 },
          "end": { "line": 32, "column": 9 }
        },
        "type": "cond-expr",
        "locations": [
          {
            "start": { "line": 23, "column": 10 },
            "end": { "line": 29, "column": 16 }
          },
          {
            "start": { "line": 31, "column": 10 },
            "end": { "line": 31, "column": 27 }
          }
        ],
        "line": 21
      }
    },
    "s": { "0": 1, "1": 1, "2": 1, "3": 1, "4": 1, "5": 1 },
    "f": { "0": 1, "1": 1 },
    "b": { "0": [1, 0] },
    "_coverageSchema": "43e27e138ebf9cfc5966b082cf9a028302ed4184",
    "hash": "e7580782453c787a9dc066c179d26bf1ba64a689"
  },
  "/home/reza/MERN_STACK/FRONT_END/myresume/server/client/src/routes/routes.jsx": {
    "path": "/home/reza/MERN_STACK/FRONT_END/myresume/server/client/src/routes/routes.jsx",
    "statementMap": {
      "0": {
        "start": { "line": 11, "column": 15 },
        "end": { "line": 19, "column": 1 }
      },
      "1": {
        "start": { "line": 12, "column": 2 },
        "end": { "line": 18, "column": 11 }
      }
    },
    "fnMap": {
      "0": {
        "name": "(anonymous_0)",
        "decl": {
          "start": { "line": 11, "column": 15 },
          "end": { "line": 11, "column": 16 }
        },
        "loc": {
          "start": { "line": 12, "column": 2 },
          "end": { "line": 18, "column": 11 }
        },
        "line": 12
      }
    },
    "branchMap": {},
    "s": { "0": 1, "1": 1 },
    "f": { "0": 1 },
    "b": {},
    "_coverageSchema": "43e27e138ebf9cfc5966b082cf9a028302ed4184",
    "hash": "784e69c899b71590bf093c006147bab4b67bcd39"
  }
}
